<?xml version="1.0" encoding="UTF-8"?>
<!-- Generated by org.testng.reporters.JUnitReportReporter -->
<testsuite hostname="DESKTOP-AGB2LVG" name="sampleTest.CreateReport" tests="1" failures="0" timestamp="6 May 2019 14:30:42 GMT" time="1.657" errors="0">
  <testcase name="test1" time="1.657" classname="sampleTest.CreateReport"/>
</testsuite> <!-- sampleTest.CreateReport -->
