<?xml version="1.0" encoding="UTF-8"?>
<!-- Generated by org.testng.reporters.JUnitReportReporter -->
<testsuite hostname="DESKTOP-AGB2LVG" name="unitTestCases.TestExcelDataProvider" tests="1" failures="0" timestamp="6 May 2019 14:38:25 GMT" time="0.786" errors="0">
  <testcase name="testExcel" time="0.786" classname="unitTestCases.TestExcelDataProvider"/>
</testsuite> <!-- unitTestCases.TestExcelDataProvider -->
